<?xml version="1.0" encoding="UTF-8"?>
<!-- Generated by org.testng.reporters.JUnitReportReporter -->
<testsuite hostname="LAPTOP-RRO4KGR3" failures="4" tests="4" name="com.qtpselenium.cucumber.MyTestNGRunner" time="0.191" errors="0" timestamp="2021-02-11T23:46:48 IST" skipped="0">
  <testcase classname="com.qtpselenium.cucumber.MyTestNGRunner" name="runScenario" time="0.005">
    <failure type="java.lang.AssertionError">
      <![CDATA[java.lang.AssertionError
at org.junit.Assert.fail(Assert.java:87)
at org.junit.Assert.assertTrue(Assert.java:42)
at org.junit.Assert.assertTrue(Assert.java:53)
at com.qtpselenium.cucumber.LoginStep.setUp(LoginStep.java:21)
]]>
    </failure>
  </testcase> <!-- runScenario -->
  <system-out/>
  <testcase classname="com.qtpselenium.cucumber.MyTestNGRunner" name="runScenario" time="0.178">
    <failure type="java.lang.AssertionError">
      <![CDATA[java.lang.AssertionError
at org.junit.Assert.fail(Assert.java:87)
at org.junit.Assert.assertTrue(Assert.java:42)
at org.junit.Assert.assertTrue(Assert.java:53)
at com.qtpselenium.cucumber.LoginStep.setUp(LoginStep.java:21)
]]>
    </failure>
  </testcase> <!-- runScenario -->
  <system-out/>
  <testcase classname="com.qtpselenium.cucumber.MyTestNGRunner" name="runScenario" time="0.004">
    <failure type="java.lang.AssertionError">
      <![CDATA[java.lang.AssertionError
at org.junit.Assert.fail(Assert.java:87)
at org.junit.Assert.assertTrue(Assert.java:42)
at org.junit.Assert.assertTrue(Assert.java:53)
at com.qtpselenium.cucumber.LoginStep.setUp(LoginStep.java:21)
]]>
    </failure>
  </testcase> <!-- runScenario -->
  <system-out/>
  <testcase classname="com.qtpselenium.cucumber.MyTestNGRunner" name="runScenario" time="0.004">
    <failure type="java.lang.AssertionError">
      <![CDATA[java.lang.AssertionError
at org.junit.Assert.fail(Assert.java:87)
at org.junit.Assert.assertTrue(Assert.java:42)
at org.junit.Assert.assertTrue(Assert.java:53)
at com.qtpselenium.cucumber.LoginStep.setUp(LoginStep.java:21)
]]>
    </failure>
  </testcase> <!-- runScenario -->
  <system-out/>
</testsuite> <!-- com.qtpselenium.cucumber.MyTestNGRunner -->
