<?xml version="1.0" encoding="UTF-8"?>
<!-- Generated by org.testng.reporters.JUnitReportReporter -->
<testsuite hostname="LAPTOP-RRO4KGR3" failures="0" tests="4" name="com.qtpselenium.cucumber.MyTestNGRunner" time="0.087" errors="0" timestamp="2021-02-03T14:17:53 IST" skipped="0">
  <testcase classname="com.qtpselenium.cucumber.MyTestNGRunner" name="runScenario" time="0.021"/>
  <system-out>
<div "result">user navigates to facebook website (PASSED : 0s)</div> <div "result">user validates the homepage title (PASSED : 0s)</div> <div "result">user entered the &quot;invalid&quot; username and &quot;invalid&quot; password (PASSED : 0s)</div> <div "result">user selects age category (PASSED : 0s)</div> <div "result">user &quot;shouldnotbe&quot; sucessfully logged in (PASSED : 0s)</div>  </system-out>
  <testcase classname="com.qtpselenium.cucumber.MyTestNGRunner" name="runScenario" time="0.040"/>
  <system-out>
<div "result">user navigates to facebook website (PASSED : 0s)</div> <div "result">user validates the homepage title (PASSED : 0s)</div> <div "result">user entered the &quot;valid&quot; username and &quot;valid&quot; password (PASSED : 0s)</div> <div "result">user selects age category (PASSED : 0s)</div> <div "result">user &quot;shouldbe&quot; sucessfully logged in (PASSED : 0s)</div>  </system-out>
  <testcase classname="com.qtpselenium.cucumber.MyTestNGRunner" name="runScenario" time="0.013"/>
  <system-out>
<div "result">user navigates to facebook website (PASSED : 0s)</div> <div "result">user validates the homepage title (PASSED : 0s)</div> <div "result">user entered the &quot;valid&quot; username and &quot;valid&quot; password (PASSED : 0s)</div> <div "result">user validates the capcha image (PASSED : 0s)</div> <div "result">user &quot;shouldbe&quot; sucessfully logged in (PASSED : 0s)</div>  </system-out>
  <testcase classname="com.qtpselenium.cucumber.MyTestNGRunner" name="runScenario" time="0.013"/>
  <system-out>
<div "result">user navigates to facebook website (PASSED : 0s)</div> <div "result">user validates the homepage title (PASSED : 0s)</div> <div "result">user entered the &quot;invalid&quot; username and &quot;invalid&quot; password (PASSED : 0s)</div> <div "result">user validates the capcha image (PASSED : 0s)</div> <div "result">user &quot;shouldnotbe&quot; sucessfully logged in (PASSED : 0s)</div>  </system-out>
</testsuite> <!-- com.qtpselenium.cucumber.MyTestNGRunner -->
