<?xml version="1.0" encoding="UTF-8"?>
<!-- Generated by org.testng.reporters.JUnitReportReporter -->
<testsuite skipped="0" hostname="DESKTOP-NM05SVP" name="com.qtpselenium.cucumber.CucumberProjectTestngRunner" tests="4" failures="0" timestamp="05 Aug 2018 11:44:43 GMT" time="20.194" errors="0">
  <testcase name="runScenario" time="5.067" classname="com.qtpselenium.cucumber.CucumberProjectTestngRunner"/>
  <testcase name="runScenario" time="5.019" classname="com.qtpselenium.cucumber.CucumberProjectTestngRunner"/>
  <testcase name="runScenario" time="5.055" classname="com.qtpselenium.cucumber.CucumberProjectTestngRunner"/>
  <testcase name="runScenario" time="5.053" classname="com.qtpselenium.cucumber.CucumberProjectTestngRunner"/>
</testsuite> <!-- com.qtpselenium.cucumber.CucumberProjectTestngRunner -->
